{
  "C:/Users/CarlosLopez/Documents/Vue/vue-playground/src/routes.ts": {
    "path": "C:/Users/CarlosLopez/Documents/Vue/vue-playground/src/routes.ts",
    "statementMap": {
      "0": {
        "start": { "line": 1, "column": 24 },
        "end": { "line": 1, "column": null }
      },
      "1": {
        "start": { "line": 1, "column": 30 },
        "end": { "line": 1, "column": null }
      },
      "2": {
        "start": { "line": 3, "column": 28 },
        "end": { "line": 4, "column": null }
      },
      "3": {
        "start": { "line": 4, "column": 2 },
        "end": { "line": 4, "column": null }
      },
      "4": {
        "start": { "line": 6, "column": 30 },
        "end": { "line": 7, "column": null }
      },
      "5": {
        "start": { "line": 7, "column": 2 },
        "end": { "line": 7, "column": null }
      },
      "6": {
        "start": { "line": 9, "column": 22 },
        "end": { "line": 13, "column": null }
      }
    },
    "fnMap": {
      "0": {
        "name": "(anonymous_0)",
        "decl": {
          "start": { "line": 1, "column": 24 },
          "end": { "line": 1, "column": 30 }
        },
        "loc": {
          "start": { "line": 1, "column": 30 },
          "end": { "line": 1, "column": null }
        }
      },
      "1": {
        "name": "(anonymous_1)",
        "decl": {
          "start": { "line": 3, "column": 28 },
          "end": { "line": 3, "column": null }
        },
        "loc": {
          "start": { "line": 4, "column": 2 },
          "end": { "line": 4, "column": null }
        }
      },
      "2": {
        "name": "(anonymous_2)",
        "decl": {
          "start": { "line": 6, "column": 30 },
          "end": { "line": 6, "column": null }
        },
        "loc": {
          "start": { "line": 7, "column": 2 },
          "end": { "line": 7, "column": null }
        }
      }
    },
    "branchMap": {},
    "s": { "0": 1, "1": 1, "2": 1, "3": 0, "4": 1, "5": 0, "6": 1 },
    "f": { "0": 1, "1": 0, "2": 0 },
    "b": {}
  },
  "C:/Users/CarlosLopez/Documents/Vue/vue-playground/src/components/HelloWorld.vue": {
    "path": "C:/Users/CarlosLopez/Documents/Vue/vue-playground/src/components/HelloWorld.vue",
    "statementMap": {
      "0": {
        "start": { "line": 2, "column": 7 },
        "end": { "line": 2, "column": null }
      },
      "1": {
        "start": { "line": 2, "column": 2 },
        "end": { "line": 4, "column": null }
      }
    },
    "fnMap": {},
    "branchMap": {},
    "s": { "0": 1, "1": 1 },
    "f": {},
    "b": {}
  },
  "C:/Users/CarlosLopez/Documents/Vue/vue-playground/src/components/about/AboutContainer.vue": {
    "path": "C:/Users/CarlosLopez/Documents/Vue/vue-playground/src/components/about/AboutContainer.vue",
    "statementMap": {
      "0": {
        "start": { "line": 3, "column": 2 },
        "end": { "line": 3, "column": null }
      }
    },
    "fnMap": {},
    "branchMap": {},
    "s": { "0": 1 },
    "f": {},
    "b": {}
  },
  "C:/Users/CarlosLopez/Documents/Vue/vue-playground/src/components/contact/ContactContainer.vue": {
    "path": "C:/Users/CarlosLopez/Documents/Vue/vue-playground/src/components/contact/ContactContainer.vue",
    "statementMap": {
      "0": {
        "start": { "line": 102, "column": 14 },
        "end": { "line": 102, "column": null }
      },
      "1": {
        "start": { "line": 104, "column": 22 },
        "end": { "line": 104, "column": null }
      },
      "2": {
        "start": { "line": 106, "column": 16 },
        "end": { "line": 106, "column": null }
      },
      "3": {
        "start": { "line": 108, "column": 24 },
        "end": { "line": 117, "column": null }
      },
      "4": {
        "start": { "line": 119, "column": 34 },
        "end": { "line": 128, "column": null }
      },
      "5": {
        "start": { "line": 130, "column": 13 },
        "end": { "line": 130, "column": null }
      },
      "6": {
        "start": { "line": 132, "column": 20 },
        "end": { "line": 132, "column": null }
      },
      "7": {
        "start": { "line": 134, "column": 18 },
        "end": { "line": 150, "column": null }
      },
      "8": {
        "start": { "line": 136, "column": 4 },
        "end": { "line": 136, "column": null }
      },
      "9": {
        "start": { "line": 137, "column": 2 },
        "end": { "line": 149, "column": null }
      },
      "10": {
        "start": { "line": 146, "column": 4 },
        "end": { "line": 146, "column": null }
      },
      "11": {
        "start": { "line": 148, "column": 4 },
        "end": { "line": 148, "column": null }
      },
      "12": {
        "start": { "line": 153, "column": 2 },
        "end": { "line": 153, "column": null }
      },
      "13": {
        "start": { "line": 157, "column": 2 },
        "end": { "line": 157, "column": null }
      },
      "14": {
        "start": { "line": 158, "column": 2 },
        "end": { "line": 167, "column": null }
      },
      "15": {
        "start": { "line": 159, "column": 4 },
        "end": { "line": 164, "column": null }
      },
      "16": {
        "start": { "line": 165, "column": 4 },
        "end": { "line": 165, "column": null }
      },
      "17": {
        "start": { "line": 166, "column": 4 },
        "end": { "line": 166, "column": null }
      },
      "18": {
        "start": { "line": 171, "column": 2 },
        "end": { "line": 171, "column": null }
      },
      "19": {
        "start": { "line": 172, "column": 2 },
        "end": { "line": 172, "column": null }
      },
      "20": {
        "start": { "line": 173, "column": 2 },
        "end": { "line": 173, "column": null }
      },
      "21": {
        "start": { "line": 174, "column": 2 },
        "end": { "line": 174, "column": null }
      },
      "22": {
        "start": { "line": 178, "column": 2 },
        "end": { "line": 187, "column": null }
      },
      "23": {
        "start": { "line": 2, "column": 8 },
        "end": { "line": 2, "column": null }
      },
      "24": {
        "start": { "line": 3, "column": 9 },
        "end": { "line": 3, "column": null }
      },
      "25": {
        "start": { "line": 4, "column": 6 },
        "end": { "line": 4, "column": 36 }
      },
      "26": {
        "start": { "line": 12, "column": 9 },
        "end": { "line": 12, "column": null }
      },
      "27": {
        "start": { "line": 13, "column": 6 },
        "end": { "line": 13, "column": 44 }
      },
      "28": {
        "start": { "line": 21, "column": 9 },
        "end": { "line": 21, "column": null }
      },
      "29": {
        "start": { "line": 22, "column": 6 },
        "end": { "line": 22, "column": 51 }
      },
      "30": {
        "start": { "line": 30, "column": 9 },
        "end": { "line": 30, "column": null }
      },
      "31": {
        "start": { "line": 35, "column": 8 },
        "end": { "line": 35, "column": 60 }
      },
      "32": {
        "start": { "line": 45, "column": 9 },
        "end": { "line": 45, "column": null }
      },
      "33": {
        "start": { "line": 46, "column": 13 },
        "end": { "line": 46, "column": null }
      },
      "34": {
        "start": { "line": 55, "column": 6 },
        "end": { "line": 55, "column": 79 }
      },
      "35": {
        "start": { "line": 56, "column": 11 },
        "end": { "line": 56, "column": null }
      },
      "36": {
        "start": { "line": 60, "column": 11 },
        "end": { "line": 60, "column": null }
      },
      "37": {
        "start": { "line": 73, "column": 9 },
        "end": { "line": 73, "column": null }
      },
      "38": {
        "start": { "line": 74, "column": 6 },
        "end": { "line": 75, "column": null }
      },
      "39": {
        "start": { "line": 84, "column": 9 },
        "end": { "line": 84, "column": null }
      },
      "40": {
        "start": { "line": 7, "column": 17 },
        "end": { "line": 7, "column": null }
      },
      "41": {
        "start": { "line": 16, "column": 17 },
        "end": { "line": 16, "column": null }
      },
      "42": {
        "start": { "line": 25, "column": 17 },
        "end": { "line": 25, "column": null }
      },
      "43": {
        "start": { "line": 34, "column": 33 },
        "end": { "line": 34, "column": 59 }
      },
      "44": {
        "start": { "line": 36, "column": 8 },
        "end": { "line": 41, "column": null }
      },
      "45": {
        "start": { "line": 49, "column": 19 },
        "end": { "line": 49, "column": null }
      },
      "46": {
        "start": { "line": 57, "column": 24 },
        "end": { "line": 57, "column": 53 }
      },
      "47": {
        "start": { "line": 58, "column": 37 },
        "end": { "line": 58, "column": 50 }
      },
      "48": {
        "start": { "line": 61, "column": 8 },
        "end": { "line": 66, "column": null }
      },
      "49": {
        "start": { "line": 79, "column": 17 },
        "end": { "line": 79, "column": null }
      },
      "50": {
        "start": { "line": 89, "column": 16 },
        "end": { "line": 89, "column": null }
      }
    },
    "fnMap": {
      "0": {
        "name": "(anonymous_1)",
        "decl": {
          "start": { "line": 134, "column": 27 },
          "end": { "line": 134, "column": 33 }
        },
        "loc": {
          "start": { "line": 134, "column": 33 },
          "end": { "line": 150, "column": 1 }
        }
      },
      "1": {
        "name": "stringEmpty",
        "decl": {
          "start": { "line": 152, "column": 9 },
          "end": { "line": 152, "column": 21 }
        },
        "loc": {
          "start": { "line": 152, "column": 45 },
          "end": { "line": 154, "column": null }
        }
      },
      "2": {
        "name": "addAreaOfExperience",
        "decl": {
          "start": { "line": 156, "column": 9 },
          "end": { "line": 156, "column": 29 }
        },
        "loc": {
          "start": { "line": 156, "column": 49 },
          "end": { "line": 168, "column": null }
        }
      },
      "3": {
        "name": "loadMessage",
        "decl": {
          "start": { "line": 170, "column": 9 },
          "end": { "line": 170, "column": 21 }
        },
        "loc": {
          "start": { "line": 170, "column": 41 },
          "end": { "line": 175, "column": null }
        }
      },
      "4": {
        "name": "resetContactInfo",
        "decl": {
          "start": { "line": 177, "column": 9 },
          "end": { "line": 177, "column": 34 }
        },
        "loc": {
          "start": { "line": 177, "column": 34 },
          "end": { "line": 188, "column": null }
        }
      },
      "5": {
        "name": "(anonymous_11)",
        "decl": {
          "start": { "line": 6, "column": 11 },
          "end": { "line": 6, "column": null }
        },
        "loc": {
          "start": { "line": 7, "column": 17 },
          "end": { "line": 7, "column": null }
        }
      },
      "6": {
        "name": "(anonymous_12)",
        "decl": {
          "start": { "line": 15, "column": 11 },
          "end": { "line": 15, "column": null }
        },
        "loc": {
          "start": { "line": 16, "column": 17 },
          "end": { "line": 16, "column": null }
        }
      },
      "7": {
        "name": "(anonymous_13)",
        "decl": {
          "start": { "line": 24, "column": 11 },
          "end": { "line": 24, "column": null }
        },
        "loc": {
          "start": { "line": 25, "column": 17 },
          "end": { "line": 25, "column": null }
        }
      },
      "8": {
        "name": "(anonymous_14)",
        "decl": {
          "start": { "line": 34, "column": 17 },
          "end": { "line": 34, "column": 33 }
        },
        "loc": {
          "start": { "line": 34, "column": 33 },
          "end": { "line": 34, "column": 59 }
        }
      },
      "9": {
        "name": "(anonymous_15)",
        "decl": {
          "start": { "line": 37, "column": 49 },
          "end": { "line": 37, "column": null }
        },
        "loc": {
          "start": { "line": 37, "column": 29 },
          "end": { "line": 41, "column": null }
        }
      },
      "10": {
        "name": "(anonymous_16)",
        "decl": {
          "start": { "line": 48, "column": 13 },
          "end": { "line": 48, "column": null }
        },
        "loc": {
          "start": { "line": 49, "column": 19 },
          "end": { "line": 49, "column": null }
        }
      },
      "11": {
        "name": "(anonymous_17)",
        "decl": {
          "start": { "line": 57, "column": 22 },
          "end": { "line": 57, "column": 24 }
        },
        "loc": {
          "start": { "line": 57, "column": 24 },
          "end": { "line": 57, "column": 53 }
        }
      },
      "12": {
        "name": "(anonymous_18)",
        "decl": {
          "start": { "line": 58, "column": 19 },
          "end": { "line": 58, "column": 37 }
        },
        "loc": {
          "start": { "line": 58, "column": 37 },
          "end": { "line": 58, "column": 50 }
        }
      },
      "13": {
        "name": "(anonymous_19)",
        "decl": {
          "start": { "line": 62, "column": 62 },
          "end": { "line": 62, "column": null }
        },
        "loc": {
          "start": { "line": 62, "column": 28 },
          "end": { "line": 66, "column": null }
        }
      },
      "14": {
        "name": "(anonymous_20)",
        "decl": {
          "start": { "line": 78, "column": 11 },
          "end": { "line": 78, "column": null }
        },
        "loc": {
          "start": { "line": 79, "column": 17 },
          "end": { "line": 79, "column": null }
        }
      },
      "15": {
        "name": "(anonymous_21)",
        "decl": {
          "start": { "line": 89, "column": 14 },
          "end": { "line": 89, "column": 16 }
        },
        "loc": {
          "start": { "line": 89, "column": 16 },
          "end": { "line": 89, "column": null }
        }
      }
    },
    "branchMap": {
      "0": {
        "loc": {
          "start": { "line": 137, "column": 2 },
          "end": { "line": 149, "column": null }
        },
        "type": "if",
        "locations": [
          {
            "start": { "line": 137, "column": 2 },
            "end": { "line": 149, "column": null }
          },
          {
            "start": { "line": 147, "column": 9 },
            "end": { "line": 149, "column": null }
          }
        ]
      },
      "1": {
        "loc": {
          "start": { "line": 139, "column": 6 },
          "end": { "line": 143, "column": null }
        },
        "type": "binary-expr",
        "locations": [
          {
            "start": { "line": 139, "column": 6 },
            "end": { "line": 139, "column": null }
          },
          {
            "start": { "line": 140, "column": 6 },
            "end": { "line": 140, "column": null }
          },
          {
            "start": { "line": 141, "column": 6 },
            "end": { "line": 141, "column": null }
          },
          {
            "start": { "line": 142, "column": 6 },
            "end": { "line": 142, "column": null }
          },
          {
            "start": { "line": 143, "column": 6 },
            "end": { "line": 143, "column": null }
          }
        ]
      },
      "2": {
        "loc": {
          "start": { "line": 158, "column": 2 },
          "end": { "line": 167, "column": null }
        },
        "type": "if",
        "locations": [
          {
            "start": { "line": 158, "column": 2 },
            "end": { "line": 167, "column": null }
          },
          {
            "start": { "line": 158, "column": 2 },
            "end": { "line": 167, "column": null }
          }
        ]
      },
      "3": {
        "loc": {
          "start": { "line": 6, "column": 11 },
          "end": { "line": 7, "column": null }
        },
        "type": "binary-expr",
        "locations": [
          {
            "start": { "line": 6, "column": 11 },
            "end": { "line": 6, "column": null }
          },
          {
            "start": { "line": 6, "column": 11 },
            "end": { "line": 7, "column": null }
          }
        ]
      },
      "4": {
        "loc": {
          "start": { "line": 15, "column": 11 },
          "end": { "line": 16, "column": null }
        },
        "type": "binary-expr",
        "locations": [
          {
            "start": { "line": 15, "column": 11 },
            "end": { "line": 15, "column": null }
          },
          {
            "start": { "line": 15, "column": 11 },
            "end": { "line": 16, "column": null }
          }
        ]
      },
      "5": {
        "loc": {
          "start": { "line": 24, "column": 11 },
          "end": { "line": 25, "column": null }
        },
        "type": "binary-expr",
        "locations": [
          {
            "start": { "line": 24, "column": 11 },
            "end": { "line": 24, "column": null }
          },
          {
            "start": { "line": 24, "column": 11 },
            "end": { "line": 25, "column": null }
          }
        ]
      },
      "6": {
        "loc": {
          "start": { "line": 34, "column": 17 },
          "end": { "line": 34, "column": 59 }
        },
        "type": "binary-expr",
        "locations": [
          {
            "start": { "line": 34, "column": 17 },
            "end": { "line": 34, "column": 33 }
          },
          {
            "start": { "line": 34, "column": 17 },
            "end": { "line": 34, "column": 59 }
          }
        ]
      },
      "7": {
        "loc": {
          "start": { "line": 48, "column": 13 },
          "end": { "line": 49, "column": null }
        },
        "type": "binary-expr",
        "locations": [
          {
            "start": { "line": 48, "column": 13 },
            "end": { "line": 48, "column": null }
          },
          {
            "start": { "line": 48, "column": 13 },
            "end": { "line": 49, "column": null }
          }
        ]
      },
      "8": {
        "loc": {
          "start": { "line": 57, "column": 22 },
          "end": { "line": 57, "column": 53 }
        },
        "type": "binary-expr",
        "locations": [
          {
            "start": { "line": 57, "column": 22 },
            "end": { "line": 57, "column": 24 }
          },
          {
            "start": { "line": 57, "column": 22 },
            "end": { "line": 57, "column": 53 }
          }
        ]
      },
      "9": {
        "loc": {
          "start": { "line": 58, "column": 19 },
          "end": { "line": 58, "column": 50 }
        },
        "type": "binary-expr",
        "locations": [
          {
            "start": { "line": 58, "column": 19 },
            "end": { "line": 58, "column": 37 }
          },
          {
            "start": { "line": 58, "column": 19 },
            "end": { "line": 58, "column": 50 }
          }
        ]
      },
      "10": {
        "loc": {
          "start": { "line": 66, "column": 12 },
          "end": { "line": 66, "column": null }
        },
        "type": "cond-expr",
        "locations": [
          {
            "start": { "line": 66, "column": 79 },
            "end": { "line": 66, "column": 105 }
          },
          {
            "start": { "line": 66, "column": 105 },
            "end": { "line": 66, "column": null }
          }
        ]
      },
      "11": {
        "loc": {
          "start": { "line": 78, "column": 11 },
          "end": { "line": 79, "column": null }
        },
        "type": "binary-expr",
        "locations": [
          {
            "start": { "line": 78, "column": 11 },
            "end": { "line": 78, "column": null }
          },
          {
            "start": { "line": 78, "column": 11 },
            "end": { "line": 79, "column": null }
          }
        ]
      },
      "12": {
        "loc": {
          "start": { "line": 89, "column": 14 },
          "end": { "line": 89, "column": null }
        },
        "type": "binary-expr",
        "locations": [
          {
            "start": { "line": 89, "column": 14 },
            "end": { "line": 89, "column": 16 }
          },
          {
            "start": { "line": 89, "column": 14 },
            "end": { "line": 89, "column": null }
          }
        ]
      }
    },
    "s": {
      "0": 3,
      "1": 3,
      "2": 3,
      "3": 3,
      "4": 3,
      "5": 3,
      "6": 3,
      "7": 3,
      "8": 6,
      "9": 6,
      "10": 2,
      "11": 4,
      "12": 14,
      "13": 0,
      "14": 0,
      "15": 0,
      "16": 0,
      "17": 0,
      "18": 1,
      "19": 1,
      "20": 1,
      "21": 1,
      "22": 1,
      "23": 1,
      "24": 1,
      "25": 1,
      "26": 1,
      "27": 1,
      "28": 1,
      "29": 1,
      "30": 1,
      "31": 1,
      "32": 1,
      "33": 1,
      "34": 1,
      "35": 1,
      "36": 1,
      "37": 1,
      "38": 1,
      "39": 1,
      "40": 2,
      "41": 2,
      "42": 2,
      "43": 2,
      "44": 48,
      "45": 0,
      "46": 0,
      "47": 0,
      "48": 0,
      "49": 2,
      "50": 1
    },
    "f": {
      "0": 6,
      "1": 14,
      "2": 0,
      "3": 1,
      "4": 1,
      "5": 2,
      "6": 2,
      "7": 2,
      "8": 2,
      "9": 48,
      "10": 0,
      "11": 0,
      "12": 0,
      "13": 0,
      "14": 2,
      "15": 1
    },
    "b": {
      "0": [2, 4],
      "1": [6, 2, 2, 2, 2],
      "2": [0, 0],
      "3": [6, 3],
      "4": [6, 3],
      "5": [6, 3],
      "6": [6, 3],
      "7": [6, 3],
      "8": [0, 0],
      "9": [0, 0],
      "10": [0, 0],
      "11": [6, 3],
      "12": [6, 3]
    }
  },
  "C:/Users/CarlosLopez/Documents/Vue/vue-playground/src/components/navigation/MainNavigation.vue": {
    "path": "C:/Users/CarlosLopez/Documents/Vue/vue-playground/src/components/navigation/MainNavigation.vue",
    "statementMap": {
      "0": {
        "start": { "line": 14, "column": 19 },
        "end": { "line": 14, "column": null }
      },
      "1": {
        "start": { "line": 2, "column": 7 },
        "end": { "line": 2, "column": null }
      },
      "2": {
        "start": { "line": 6, "column": 8 },
        "end": { "line": 5, "column": null }
      }
    },
    "fnMap": {
      "0": {
        "name": "(anonymous_4)",
        "decl": {
          "start": { "line": 4, "column": 54 },
          "end": { "line": 4, "column": null }
        },
        "loc": {
          "start": { "line": 6, "column": 8 },
          "end": { "line": 5, "column": null }
        }
      }
    },
    "branchMap": {},
    "s": { "0": 1, "1": 1, "2": 3 },
    "f": { "0": 3 },
    "b": {}
  },
  "C:/Users/CarlosLopez/Documents/Vue/vue-playground/src/components/shared/SnackbarAlerts.vue": {
    "path": "C:/Users/CarlosLopez/Documents/Vue/vue-playground/src/components/shared/SnackbarAlerts.vue",
    "statementMap": {
      "0": {
        "start": { "line": 18, "column": 25 },
        "end": { "line": 18, "column": null }
      },
      "1": {
        "start": { "line": 19, "column": 2 },
        "end": { "line": 19, "column": null }
      },
      "2": {
        "start": { "line": 2, "column": 2 },
        "end": { "line": 4, "column": null }
      }
    },
    "fnMap": {
      "0": {
        "name": "close",
        "decl": {
          "start": { "line": 17, "column": 9 },
          "end": { "line": 17, "column": 23 }
        },
        "loc": {
          "start": { "line": 17, "column": 23 },
          "end": { "line": 20, "column": null }
        }
      }
    },
    "branchMap": {},
    "s": { "0": 0, "1": 0, "2": 1 },
    "f": { "0": 0 },
    "b": {}
  },
  "C:/Users/CarlosLopez/Documents/Vue/vue-playground/src/composables/SnackbarService.ts": {
    "path": "C:/Users/CarlosLopez/Documents/Vue/vue-playground/src/composables/SnackbarService.ts",
    "statementMap": {
      "0": {
        "start": { "line": 9, "column": 28 },
        "end": { "line": 9, "column": null }
      },
      "1": {
        "start": { "line": 11, "column": 8 },
        "end": { "line": 11, "column": null }
      },
      "2": {
        "start": { "line": 12, "column": 21 },
        "end": { "line": 12, "column": null }
      },
      "3": {
        "start": { "line": 14, "column": 2 },
        "end": { "line": 14, "column": null }
      },
      "4": {
        "start": { "line": 16, "column": 2 },
        "end": { "line": 23, "column": null }
      },
      "5": {
        "start": { "line": 25, "column": 2 },
        "end": { "line": 32, "column": null }
      },
      "6": {
        "start": { "line": 26, "column": 4 },
        "end": { "line": 31, "column": null }
      },
      "7": {
        "start": { "line": 27, "column": 29 },
        "end": { "line": 27, "column": null }
      },
      "8": {
        "start": { "line": 28, "column": 6 },
        "end": { "line": 30, "column": null }
      },
      "9": {
        "start": { "line": 29, "column": 8 },
        "end": { "line": 29, "column": null }
      },
      "10": {
        "start": { "line": 34, "column": 2 },
        "end": { "line": 34, "column": null }
      }
    },
    "fnMap": {
      "0": {
        "name": "loadSnackbar",
        "decl": {
          "start": { "line": 4, "column": 16 },
          "end": { "line": 4, "column": null }
        },
        "loc": {
          "start": { "line": 8, "column": 2 },
          "end": { "line": 35, "column": null }
        }
      },
      "1": {
        "name": "(anonymous_1)",
        "decl": {
          "start": { "line": 26, "column": 15 },
          "end": { "line": 26, "column": 21 }
        },
        "loc": {
          "start": { "line": 26, "column": 21 },
          "end": { "line": 31, "column": 7 }
        }
      }
    },
    "branchMap": {
      "0": {
        "loc": {
          "start": { "line": 25, "column": 2 },
          "end": { "line": 32, "column": null }
        },
        "type": "if",
        "locations": [
          {
            "start": { "line": 25, "column": 2 },
            "end": { "line": 32, "column": null }
          },
          {
            "start": { "line": 25, "column": 2 },
            "end": { "line": 32, "column": null }
          }
        ]
      },
      "1": {
        "loc": {
          "start": { "line": 28, "column": 6 },
          "end": { "line": 30, "column": null }
        },
        "type": "if",
        "locations": [
          {
            "start": { "line": 28, "column": 6 },
            "end": { "line": 30, "column": null }
          },
          {
            "start": { "line": 28, "column": 6 },
            "end": { "line": 30, "column": null }
          }
        ]
      }
    },
    "s": {
      "0": 1,
      "1": 1,
      "2": 1,
      "3": 1,
      "4": 1,
      "5": 1,
      "6": 1,
      "7": 0,
      "8": 0,
      "9": 0,
      "10": 1
    },
    "f": { "0": 1, "1": 0 },
    "b": { "0": [1, 0], "1": [0, 0] }
  },
  "C:/Users/CarlosLopez/Documents/Vue/vue-playground/src/store/index.ts": {
    "path": "C:/Users/CarlosLopez/Documents/Vue/vue-playground/src/store/index.ts",
    "statementMap": {
      "0": {
        "start": { "line": 5, "column": 27 },
        "end": { "line": 22, "column": null }
      },
      "1": {
        "start": { "line": 6, "column": 35 },
        "end": { "line": 6, "column": null }
      },
      "2": {
        "start": { "line": 7, "column": 23 },
        "end": { "line": 7, "column": null }
      },
      "3": {
        "start": { "line": 7, "column": 38 },
        "end": { "line": 7, "column": 77 }
      },
      "4": {
        "start": { "line": 7, "column": 67 },
        "end": { "line": 7, "column": 76 }
      },
      "5": {
        "start": { "line": 8, "column": 20 },
        "end": { "line": 12, "column": null }
      },
      "6": {
        "start": { "line": 9, "column": 4 },
        "end": { "line": 11, "column": null }
      },
      "7": {
        "start": { "line": 10, "column": 49 },
        "end": { "line": 10, "column": 56 }
      },
      "8": {
        "start": { "line": 14, "column": 4 },
        "end": { "line": 14, "column": null }
      },
      "9": {
        "start": { "line": 17, "column": 18 },
        "end": { "line": 17, "column": null }
      },
      "10": {
        "start": { "line": 17, "column": 56 },
        "end": { "line": 17, "column": 73 }
      },
      "11": {
        "start": { "line": 18, "column": 4 },
        "end": { "line": 18, "column": null }
      },
      "12": {
        "start": { "line": 21, "column": 2 },
        "end": { "line": 21, "column": null }
      }
    },
    "fnMap": {
      "0": {
        "name": "(anonymous_0)",
        "decl": {
          "start": { "line": 5, "column": 47 },
          "end": { "line": 5, "column": 53 }
        },
        "loc": {
          "start": { "line": 5, "column": 53 },
          "end": { "line": 22, "column": 1 }
        }
      },
      "1": {
        "name": "(anonymous_1)",
        "decl": {
          "start": { "line": 7, "column": 32 },
          "end": { "line": 7, "column": 38 }
        },
        "loc": {
          "start": { "line": 7, "column": 38 },
          "end": { "line": 7, "column": 77 }
        }
      },
      "2": {
        "name": "(anonymous_2)",
        "decl": {
          "start": { "line": 7, "column": 57 },
          "end": { "line": 7, "column": 58 }
        },
        "loc": {
          "start": { "line": 7, "column": 67 },
          "end": { "line": 7, "column": 76 }
        }
      },
      "3": {
        "name": "(anonymous_3)",
        "decl": {
          "start": { "line": 8, "column": 29 },
          "end": { "line": 8, "column": null }
        },
        "loc": {
          "start": { "line": 9, "column": 4 },
          "end": { "line": 11, "column": null }
        }
      },
      "4": {
        "name": "(anonymous_4)",
        "decl": {
          "start": { "line": 10, "column": 39 },
          "end": { "line": 10, "column": 40 }
        },
        "loc": {
          "start": { "line": 10, "column": 49 },
          "end": { "line": 10, "column": 56 }
        }
      },
      "5": {
        "name": "addContact",
        "decl": {
          "start": { "line": 13, "column": 11 },
          "end": { "line": 13, "column": 22 }
        },
        "loc": {
          "start": { "line": 13, "column": 37 },
          "end": { "line": 15, "column": null }
        }
      },
      "6": {
        "name": "deleteContact",
        "decl": {
          "start": { "line": 16, "column": 11 },
          "end": { "line": 16, "column": 25 }
        },
        "loc": {
          "start": { "line": 16, "column": 37 },
          "end": { "line": 19, "column": null }
        }
      },
      "7": {
        "name": "(anonymous_7)",
        "decl": {
          "start": { "line": 17, "column": 43 },
          "end": { "line": 17, "column": 44 }
        },
        "loc": {
          "start": { "line": 17, "column": 56 },
          "end": { "line": 17, "column": 73 }
        }
      }
    },
    "branchMap": {
      "0": {
        "loc": {
          "start": { "line": 9, "column": 4 },
          "end": { "line": 11, "column": null }
        },
        "type": "cond-expr",
        "locations": [
          {
            "start": { "line": 10, "column": 8 },
            "end": { "line": 10, "column": null }
          },
          {
            "start": { "line": 11, "column": 8 },
            "end": { "line": 11, "column": null }
          }
        ]
      }
    },
    "s": {
      "0": 2,
      "1": 5,
      "2": 5,
      "3": 1,
      "4": 1,
      "5": 5,
      "6": 3,
      "7": 0,
      "8": 2,
      "9": 1,
      "10": 1,
      "11": 1,
      "12": 5
    },
    "f": { "0": 5, "1": 1, "2": 1, "3": 3, "4": 0, "5": 2, "6": 1, "7": 1 },
    "b": { "0": [0, 3] }
  },
  "C:/Users/CarlosLopez/Documents/Vue/vue-playground/src/tests/mocks.ts": {
    "path": "C:/Users/CarlosLopez/Documents/Vue/vue-playground/src/tests/mocks.ts",
    "statementMap": {
      "0": {
        "start": { "line": 5, "column": 37 },
        "end": { "line": 14, "column": null }
      }
    },
    "fnMap": {},
    "branchMap": {},
    "s": { "0": 2 },
    "f": {},
    "b": {}
  }
}
